{"total": {"lines":{"total":495,"covered":277,"skipped":0,"pct":55.95},"statements":{"total":555,"covered":291,"skipped":0,"pct":52.43},"functions":{"total":96,"covered":43,"skipped":0,"pct":44.79},"branches":{"total":321,"covered":151,"skipped":0,"pct":47.04},"branchesTrue":{"total":0,"covered":0,"skipped":0,"pct":100}}
,"C:\\Users\\roshi\\Downloads\\Carbon-FootPrint\\Pranav_Carbon-Footprint\\src\\lib\\store.ts": {"lines":{"total":287,"covered":94,"skipped":0,"pct":32.75},"functions":{"total":69,"covered":21,"skipped":0,"pct":30.43},"statements":{"total":331,"covered":102,"skipped":0,"pct":30.81},"branches":{"total":178,"covered":39,"skipped":0,"pct":21.91}}
,"C:\\Users\\roshi\\Downloads\\Carbon-FootPrint\\Pranav_Carbon-Footprint\\src\\lib\\actions-engine\\ranker.ts": {"lines":{"total":74,"covered":71,"skipped":0,"pct":95.94},"functions":{"total":14,"covered":9,"skipped":0,"pct":64.28},"statements":{"total":90,"covered":77,"skipped":0,"pct":85.55},"branches":{"total":83,"covered":69,"skipped":0,"pct":83.13}}
,"C:\\Users\\roshi\\Downloads\\Carbon-FootPrint\\Pranav_Carbon-Footprint\\src\\lib\\emissions\\calculator.ts": {"lines":{"total":129,"covered":107,"skipped":0,"pct":82.94},"functions":{"total":13,"covered":13,"skipped":0,"pct":100},"statements":{"total":129,"covered":107,"skipped":0,"pct":82.94},"branches":{"total":60,"covered":43,"skipped":0,"pct":71.66}}
,"C:\\Users\\roshi\\Downloads\\Carbon-FootPrint\\Pranav_Carbon-Footprint\\src\\lib\\emissions\\factors.json": {"lines":{"total":5,"covered":5,"skipped":0,"pct":100},"functions":{"total":0,"covered":0,"skipped":0,"pct":100},"statements":{"total":5,"covered":5,"skipped":0,"pct":100},"branches":{"total":0,"covered":0,"skipped":0,"pct":100}}
}
