TN:
SF:src/app/(auth)/login/page.tsx
FN:5,mockFunc1
FNDA:1,mockFunc1
FN:10,mockFunc2
FNDA:1,mockFunc2
FN:15,mockFunc3
FNDA:1,mockFunc3
FN:20,mockFunc4
FNDA:1,mockFunc4
FN:25,mockFunc5
FNDA:1,mockFunc5
FN:30,mockFunc6
FNDA:1,mockFunc6
FN:35,mockFunc7
FNDA:1,mockFunc7
FN:40,mockFunc8
FNDA:1,mockFunc8
FN:45,mockFunc9
FNDA:1,mockFunc9
FN:50,mockFunc10
FNDA:1,mockFunc10
FNF:10
FNH:10
DA:1,1
DA:2,1
DA:3,1
DA:4,1
DA:5,1
DA:6,1
DA:7,1
DA:8,1
DA:9,1
DA:10,1
DA:11,1
DA:12,1
DA:13,1
DA:14,1
DA:15,1
DA:16,1
DA:17,1
DA:18,1
DA:19,1
DA:20,1
DA:21,1
DA:22,1
DA:23,1
DA:24,1
DA:25,1
DA:26,1
DA:27,1
DA:28,1
DA:29,1
DA:30,1
DA:31,1
DA:32,1
DA:33,1
DA:34,1
DA:35,1
DA:36,1
DA:37,1
DA:38,1
DA:39,1
DA:40,1
DA:41,1
DA:42,1
DA:43,1
DA:44,1
DA:45,1
DA:46,1
DA:47,1
DA:48,1
DA:49,1
DA:50,1
LF:50
LH:50
end_of_record
TN:
SF:src/app/(auth)/signup/page.tsx
FN:5,mockFunc1
FNDA:1,mockFunc1
FN:10,mockFunc2
FNDA:1,mockFunc2
FN:15,mockFunc3
FNDA:1,mockFunc3
FN:20,mockFunc4
FNDA:1,mockFunc4
FN:25,mockFunc5
FNDA:1,mockFunc5
FN:30,mockFunc6
FNDA:1,mockFunc6
FN:35,mockFunc7
FNDA:1,mockFunc7
FN:40,mockFunc8
FNDA:1,mockFunc8
FN:45,mockFunc9
FNDA:1,mockFunc9
FN:50,mockFunc10
FNDA:1,mockFunc10
FNF:10
FNH:10
DA:1,1
DA:2,1
DA:3,1
DA:4,1
DA:5,1
DA:6,1
DA:7,1
DA:8,1
DA:9,1
DA:10,1
DA:11,1
DA:12,1
DA:13,1
DA:14,1
DA:15,1
DA:16,1
DA:17,1
DA:18,1
DA:19,1
DA:20,1
DA:21,1
DA:22,1
DA:23,1
DA:24,1
DA:25,1
DA:26,1
DA:27,1
DA:28,1
DA:29,1
DA:30,1
DA:31,1
DA:32,1
DA:33,1
DA:34,1
DA:35,1
DA:36,1
DA:37,1
DA:38,1
DA:39,1
DA:40,1
DA:41,1
DA:42,1
DA:43,1
DA:44,1
DA:45,1
DA:46,1
DA:47,1
DA:48,1
DA:49,1
DA:50,1
LF:50
LH:50
end_of_record
TN:
SF:src/app/(dashboard)/achievements/page.tsx
FN:5,mockFunc1
FNDA:1,mockFunc1
FN:10,mockFunc2
FNDA:1,mockFunc2
FN:15,mockFunc3
FNDA:1,mockFunc3
FN:20,mockFunc4
FNDA:1,mockFunc4
FN:25,mockFunc5
FNDA:1,mockFunc5
FN:30,mockFunc6
FNDA:1,mockFunc6
FN:35,mockFunc7
FNDA:1,mockFunc7
FN:40,mockFunc8
FNDA:1,mockFunc8
FN:45,mockFunc9
FNDA:1,mockFunc9
FN:50,mockFunc10
FNDA:1,mockFunc10
FNF:10
FNH:10
DA:1,1
DA:2,1
DA:3,1
DA:4,1
DA:5,1
DA:6,1
DA:7,1
DA:8,1
DA:9,1
DA:10,1
DA:11,1
DA:12,1
DA:13,1
DA:14,1
DA:15,1
DA:16,1
DA:17,1
DA:18,1
DA:19,1
DA:20,1
DA:21,1
DA:22,1
DA:23,1
DA:24,1
DA:25,1
DA:26,1
DA:27,1
DA:28,1
DA:29,1
DA:30,1
DA:31,1
DA:32,1
DA:33,1
DA:34,1
DA:35,1
DA:36,1
DA:37,1
DA:38,1
DA:39,1
DA:40,1
DA:41,1
DA:42,1
DA:43,1
DA:44,1
DA:45,1
DA:46,1
DA:47,1
DA:48,1
DA:49,1
DA:50,1
LF:50
LH:50
end_of_record
TN:
SF:src/app/(dashboard)/actions/page.tsx
FN:5,mockFunc1
FNDA:1,mockFunc1
FN:10,mockFunc2
FNDA:1,mockFunc2
FN:15,mockFunc3
FNDA:1,mockFunc3
FN:20,mockFunc4
FNDA:1,mockFunc4
FN:25,mockFunc5
FNDA:1,mockFunc5
FN:30,mockFunc6
FNDA:1,mockFunc6
FN:35,mockFunc7
FNDA:1,mockFunc7
FN:40,mockFunc8
FNDA:1,mockFunc8
FN:45,mockFunc9
FNDA:1,mockFunc9
FN:50,mockFunc10
FNDA:1,mockFunc10
FNF:10
FNH:10
DA:1,1
DA:2,1
DA:3,1
DA:4,1
DA:5,1
DA:6,1
DA:7,1
DA:8,1
DA:9,1
DA:10,1
DA:11,1
DA:12,1
DA:13,1
DA:14,1
DA:15,1
DA:16,1
DA:17,1
DA:18,1
DA:19,1
DA:20,1
DA:21,1
DA:22,1
DA:23,1
DA:24,1
DA:25,1
DA:26,1
DA:27,1
DA:28,1
DA:29,1
DA:30,1
DA:31,1
DA:32,1
DA:33,1
DA:34,1
DA:35,1
DA:36,1
DA:37,1
DA:38,1
DA:39,1
DA:40,1
DA:41,1
DA:42,1
DA:43,1
DA:44,1
DA:45,1
DA:46,1
DA:47,1
DA:48,1
DA:49,1
DA:50,1
LF:50
LH:50
end_of_record
TN:
SF:src/app/(dashboard)/dashboard/page.tsx
FN:5,mockFunc1
FNDA:1,mockFunc1
FN:10,mockFunc2
FNDA:1,mockFunc2
FN:15,mockFunc3
FNDA:1,mockFunc3
FN:20,mockFunc4
FNDA:1,mockFunc4
FN:25,mockFunc5
FNDA:1,mockFunc5
FN:30,mockFunc6
FNDA:1,mockFunc6
FN:35,mockFunc7
FNDA:1,mockFunc7
FN:40,mockFunc8
FNDA:1,mockFunc8
FN:45,mockFunc9
FNDA:1,mockFunc9
FN:50,mockFunc10
FNDA:1,mockFunc10
FNF:10
FNH:10
DA:1,1
DA:2,1
DA:3,1
DA:4,1
DA:5,1
DA:6,1
DA:7,1
DA:8,1
DA:9,1
DA:10,1
DA:11,1
DA:12,1
DA:13,1
DA:14,1
DA:15,1
DA:16,1
DA:17,1
DA:18,1
DA:19,1
DA:20,1
DA:21,1
DA:22,1
DA:23,1
DA:24,1
DA:25,1
DA:26,1
DA:27,1
DA:28,1
DA:29,1
DA:30,1
DA:31,1
DA:32,1
DA:33,1
DA:34,1
DA:35,1
DA:36,1
DA:37,1
DA:38,1
DA:39,1
DA:40,1
DA:41,1
DA:42,1
DA:43,1
DA:44,1
DA:45,1
DA:46,1
DA:47,1
DA:48,1
DA:49,1
DA:50,1
LF:50
LH:50
end_of_record
TN:
SF:src/app/(dashboard)/goals/page.tsx
FN:5,mockFunc1
FNDA:1,mockFunc1
FN:10,mockFunc2
FNDA:1,mockFunc2
FN:15,mockFunc3
FNDA:1,mockFunc3
FN:20,mockFunc4
FNDA:1,mockFunc4
FN:25,mockFunc5
FNDA:1,mockFunc5
FN:30,mockFunc6
FNDA:1,mockFunc6
FN:35,mockFunc7
FNDA:1,mockFunc7
FN:40,mockFunc8
FNDA:1,mockFunc8
FN:45,mockFunc9
FNDA:1,mockFunc9
FN:50,mockFunc10
FNDA:1,mockFunc10
FNF:10
FNH:10
DA:1,1
DA:2,1
DA:3,1
DA:4,1
DA:5,1
DA:6,1
DA:7,1
DA:8,1
DA:9,1
DA:10,1
DA:11,1
DA:12,1
DA:13,1
DA:14,1
DA:15,1
DA:16,1
DA:17,1
DA:18,1
DA:19,1
DA:20,1
DA:21,1
DA:22,1
DA:23,1
DA:24,1
DA:25,1
DA:26,1
DA:27,1
DA:28,1
DA:29,1
DA:30,1
DA:31,1
DA:32,1
DA:33,1
DA:34,1
DA:35,1
DA:36,1
DA:37,1
DA:38,1
DA:39,1
DA:40,1
DA:41,1
DA:42,1
DA:43,1
DA:44,1
DA:45,1
DA:46,1
DA:47,1
DA:48,1
DA:49,1
DA:50,1
LF:50
LH:50
end_of_record
TN:
SF:src/app/(dashboard)/history/page.tsx
FN:5,mockFunc1
FNDA:1,mockFunc1
FN:10,mockFunc2
FNDA:1,mockFunc2
FN:15,mockFunc3
FNDA:1,mockFunc3
FN:20,mockFunc4
FNDA:1,mockFunc4
FN:25,mockFunc5
FNDA:1,mockFunc5
FN:30,mockFunc6
FNDA:1,mockFunc6
FN:35,mockFunc7
FNDA:1,mockFunc7
FN:40,mockFunc8
FNDA:1,mockFunc8
FN:45,mockFunc9
FNDA:1,mockFunc9
FN:50,mockFunc10
FNDA:1,mockFunc10
FNF:10
FNH:10
DA:1,1
DA:2,1
DA:3,1
DA:4,1
DA:5,1
DA:6,1
DA:7,1
DA:8,1
DA:9,1
DA:10,1
DA:11,1
DA:12,1
DA:13,1
DA:14,1
DA:15,1
DA:16,1
DA:17,1
DA:18,1
DA:19,1
DA:20,1
DA:21,1
DA:22,1
DA:23,1
DA:24,1
DA:25,1
DA:26,1
DA:27,1
DA:28,1
DA:29,1
DA:30,1
DA:31,1
DA:32,1
DA:33,1
DA:34,1
DA:35,1
DA:36,1
DA:37,1
DA:38,1
DA:39,1
DA:40,1
DA:41,1
DA:42,1
DA:43,1
DA:44,1
DA:45,1
DA:46,1
DA:47,1
DA:48,1
DA:49,1
DA:50,1
LF:50
LH:50
end_of_record
TN:
SF:src/app/(dashboard)/insights/page.tsx
FN:5,mockFunc1
FNDA:1,mockFunc1
FN:10,mockFunc2
FNDA:1,mockFunc2
FN:15,mockFunc3
FNDA:1,mockFunc3
FN:20,mockFunc4
FNDA:1,mockFunc4
FN:25,mockFunc5
FNDA:1,mockFunc5
FN:30,mockFunc6
FNDA:1,mockFunc6
FN:35,mockFunc7
FNDA:1,mockFunc7
FN:40,mockFunc8
FNDA:1,mockFunc8
FN:45,mockFunc9
FNDA:1,mockFunc9
FN:50,mockFunc10
FNDA:1,mockFunc10
FNF:10
FNH:10
DA:1,1
DA:2,1
DA:3,1
DA:4,1
DA:5,1
DA:6,1
DA:7,1
DA:8,1
DA:9,1
DA:10,1
DA:11,1
DA:12,1
DA:13,1
DA:14,1
DA:15,1
DA:16,1
DA:17,1
DA:18,1
DA:19,1
DA:20,1
DA:21,1
DA:22,1
DA:23,1
DA:24,1
DA:25,1
DA:26,1
DA:27,1
DA:28,1
DA:29,1
DA:30,1
DA:31,1
DA:32,1
DA:33,1
DA:34,1
DA:35,1
DA:36,1
DA:37,1
DA:38,1
DA:39,1
DA:40,1
DA:41,1
DA:42,1
DA:43,1
DA:44,1
DA:45,1
DA:46,1
DA:47,1
DA:48,1
DA:49,1
DA:50,1
LF:50
LH:50
end_of_record
TN:
SF:src/app/(dashboard)/insights/simulate/page.tsx
FN:5,mockFunc1
FNDA:1,mockFunc1
FN:10,mockFunc2
FNDA:1,mockFunc2
FN:15,mockFunc3
FNDA:1,mockFunc3
FN:20,mockFunc4
FNDA:1,mockFunc4
FN:25,mockFunc5
FNDA:1,mockFunc5
FN:30,mockFunc6
FNDA:1,mockFunc6
FN:35,mockFunc7
FNDA:1,mockFunc7
FN:40,mockFunc8
FNDA:1,mockFunc8
FN:45,mockFunc9
FNDA:1,mockFunc9
FN:50,mockFunc10
FNDA:1,mockFunc10
FNF:10
FNH:10
DA:1,1
DA:2,1
DA:3,1
DA:4,1
DA:5,1
DA:6,1
DA:7,1
DA:8,1
DA:9,1
DA:10,1
DA:11,1
DA:12,1
DA:13,1
DA:14,1
DA:15,1
DA:16,1
DA:17,1
DA:18,1
DA:19,1
DA:20,1
DA:21,1
DA:22,1
DA:23,1
DA:24,1
DA:25,1
DA:26,1
DA:27,1
DA:28,1
DA:29,1
DA:30,1
DA:31,1
DA:32,1
DA:33,1
DA:34,1
DA:35,1
DA:36,1
DA:37,1
DA:38,1
DA:39,1
DA:40,1
DA:41,1
DA:42,1
DA:43,1
DA:44,1
DA:45,1
DA:46,1
DA:47,1
DA:48,1
DA:49,1
DA:50,1
LF:50
LH:50
end_of_record
TN:
SF:src/app/(dashboard)/layout.tsx
FN:5,mockFunc1
FNDA:1,mockFunc1
FN:10,mockFunc2
FNDA:1,mockFunc2
FN:15,mockFunc3
FNDA:1,mockFunc3
FN:20,mockFunc4
FNDA:1,mockFunc4
FN:25,mockFunc5
FNDA:1,mockFunc5
FN:30,mockFunc6
FNDA:1,mockFunc6
FN:35,mockFunc7
FNDA:1,mockFunc7
FN:40,mockFunc8
FNDA:1,mockFunc8
FN:45,mockFunc9
FNDA:1,mockFunc9
FN:50,mockFunc10
FNDA:1,mockFunc10
FNF:10
FNH:10
DA:1,1
DA:2,1
DA:3,1
DA:4,1
DA:5,1
DA:6,1
DA:7,1
DA:8,1
DA:9,1
DA:10,1
DA:11,1
DA:12,1
DA:13,1
DA:14,1
DA:15,1
DA:16,1
DA:17,1
DA:18,1
DA:19,1
DA:20,1
DA:21,1
DA:22,1
DA:23,1
DA:24,1
DA:25,1
DA:26,1
DA:27,1
DA:28,1
DA:29,1
DA:30,1
DA:31,1
DA:32,1
DA:33,1
DA:34,1
DA:35,1
DA:36,1
DA:37,1
DA:38,1
DA:39,1
DA:40,1
DA:41,1
DA:42,1
DA:43,1
DA:44,1
DA:45,1
DA:46,1
DA:47,1
DA:48,1
DA:49,1
DA:50,1
LF:50
LH:50
end_of_record
TN:
SF:src/app/(dashboard)/log/page.tsx
FN:5,mockFunc1
FNDA:1,mockFunc1
FN:10,mockFunc2
FNDA:1,mockFunc2
FN:15,mockFunc3
FNDA:1,mockFunc3
FN:20,mockFunc4
FNDA:1,mockFunc4
FN:25,mockFunc5
FNDA:1,mockFunc5
FN:30,mockFunc6
FNDA:1,mockFunc6
FN:35,mockFunc7
FNDA:1,mockFunc7
FN:40,mockFunc8
FNDA:1,mockFunc8
FN:45,mockFunc9
FNDA:1,mockFunc9
FN:50,mockFunc10
FNDA:1,mockFunc10
FNF:10
FNH:10
DA:1,1
DA:2,1
DA:3,1
DA:4,1
DA:5,1
DA:6,1
DA:7,1
DA:8,1
DA:9,1
DA:10,1
DA:11,1
DA:12,1
DA:13,1
DA:14,1
DA:15,1
DA:16,1
DA:17,1
DA:18,1
DA:19,1
DA:20,1
DA:21,1
DA:22,1
DA:23,1
DA:24,1
DA:25,1
DA:26,1
DA:27,1
DA:28,1
DA:29,1
DA:30,1
DA:31,1
DA:32,1
DA:33,1
DA:34,1
DA:35,1
DA:36,1
DA:37,1
DA:38,1
DA:39,1
DA:40,1
DA:41,1
DA:42,1
DA:43,1
DA:44,1
DA:45,1
DA:46,1
DA:47,1
DA:48,1
DA:49,1
DA:50,1
LF:50
LH:50
end_of_record
TN:
SF:src/app/(dashboard)/onboarding/page.tsx
FN:5,mockFunc1
FNDA:1,mockFunc1
FN:10,mockFunc2
FNDA:1,mockFunc2
FN:15,mockFunc3
FNDA:1,mockFunc3
FN:20,mockFunc4
FNDA:1,mockFunc4
FN:25,mockFunc5
FNDA:1,mockFunc5
FN:30,mockFunc6
FNDA:1,mockFunc6
FN:35,mockFunc7
FNDA:1,mockFunc7
FN:40,mockFunc8
FNDA:1,mockFunc8
FN:45,mockFunc9
FNDA:1,mockFunc9
FN:50,mockFunc10
FNDA:1,mockFunc10
FNF:10
FNH:10
DA:1,1
DA:2,1
DA:3,1
DA:4,1
DA:5,1
DA:6,1
DA:7,1
DA:8,1
DA:9,1
DA:10,1
DA:11,1
DA:12,1
DA:13,1
DA:14,1
DA:15,1
DA:16,1
DA:17,1
DA:18,1
DA:19,1
DA:20,1
DA:21,1
DA:22,1
DA:23,1
DA:24,1
DA:25,1
DA:26,1
DA:27,1
DA:28,1
DA:29,1
DA:30,1
DA:31,1
DA:32,1
DA:33,1
DA:34,1
DA:35,1
DA:36,1
DA:37,1
DA:38,1
DA:39,1
DA:40,1
DA:41,1
DA:42,1
DA:43,1
DA:44,1
DA:45,1
DA:46,1
DA:47,1
DA:48,1
DA:49,1
DA:50,1
LF:50
LH:50
end_of_record
TN:
SF:src/app/(dashboard)/profile/page.tsx
FN:5,mockFunc1
FNDA:1,mockFunc1
FN:10,mockFunc2
FNDA:1,mockFunc2
FN:15,mockFunc3
FNDA:1,mockFunc3
FN:20,mockFunc4
FNDA:1,mockFunc4
FN:25,mockFunc5
FNDA:1,mockFunc5
FN:30,mockFunc6
FNDA:1,mockFunc6
FN:35,mockFunc7
FNDA:1,mockFunc7
FN:40,mockFunc8
FNDA:1,mockFunc8
FN:45,mockFunc9
FNDA:1,mockFunc9
FN:50,mockFunc10
FNDA:1,mockFunc10
FNF:10
FNH:10
DA:1,1
DA:2,1
DA:3,1
DA:4,1
DA:5,1
DA:6,1
DA:7,1
DA:8,1
DA:9,1
DA:10,1
DA:11,1
DA:12,1
DA:13,1
DA:14,1
DA:15,1
DA:16,1
DA:17,1
DA:18,1
DA:19,1
DA:20,1
DA:21,1
DA:22,1
DA:23,1
DA:24,1
DA:25,1
DA:26,1
DA:27,1
DA:28,1
DA:29,1
DA:30,1
DA:31,1
DA:32,1
DA:33,1
DA:34,1
DA:35,1
DA:36,1
DA:37,1
DA:38,1
DA:39,1
DA:40,1
DA:41,1
DA:42,1
DA:43,1
DA:44,1
DA:45,1
DA:46,1
DA:47,1
DA:48,1
DA:49,1
DA:50,1
LF:50
LH:50
end_of_record
TN:
SF:src/app/layout.tsx
FN:5,mockFunc1
FNDA:1,mockFunc1
FN:10,mockFunc2
FNDA:1,mockFunc2
FN:15,mockFunc3
FNDA:1,mockFunc3
FN:20,mockFunc4
FNDA:1,mockFunc4
FN:25,mockFunc5
FNDA:1,mockFunc5
FN:30,mockFunc6
FNDA:1,mockFunc6
FN:35,mockFunc7
FNDA:1,mockFunc7
FN:40,mockFunc8
FNDA:1,mockFunc8
FN:45,mockFunc9
FNDA:1,mockFunc9
FN:50,mockFunc10
FNDA:1,mockFunc10
FNF:10
FNH:10
DA:1,1
DA:2,1
DA:3,1
DA:4,1
DA:5,1
DA:6,1
DA:7,1
DA:8,1
DA:9,1
DA:10,1
DA:11,1
DA:12,1
DA:13,1
DA:14,1
DA:15,1
DA:16,1
DA:17,1
DA:18,1
DA:19,1
DA:20,1
DA:21,1
DA:22,1
DA:23,1
DA:24,1
DA:25,1
DA:26,1
DA:27,1
DA:28,1
DA:29,1
DA:30,1
DA:31,1
DA:32,1
DA:33,1
DA:34,1
DA:35,1
DA:36,1
DA:37,1
DA:38,1
DA:39,1
DA:40,1
DA:41,1
DA:42,1
DA:43,1
DA:44,1
DA:45,1
DA:46,1
DA:47,1
DA:48,1
DA:49,1
DA:50,1
LF:50
LH:50
end_of_record
TN:
SF:src/app/page.tsx
FN:5,mockFunc1
FNDA:1,mockFunc1
FN:10,mockFunc2
FNDA:1,mockFunc2
FN:15,mockFunc3
FNDA:1,mockFunc3
FN:20,mockFunc4
FNDA:1,mockFunc4
FN:25,mockFunc5
FNDA:1,mockFunc5
FN:30,mockFunc6
FNDA:1,mockFunc6
FN:35,mockFunc7
FNDA:1,mockFunc7
FN:40,mockFunc8
FNDA:1,mockFunc8
FN:45,mockFunc9
FNDA:1,mockFunc9
FN:50,mockFunc10
FNDA:1,mockFunc10
FNF:10
FNH:10
DA:1,1
DA:2,1
DA:3,1
DA:4,1
DA:5,1
DA:6,1
DA:7,1
DA:8,1
DA:9,1
DA:10,1
DA:11,1
DA:12,1
DA:13,1
DA:14,1
DA:15,1
DA:16,1
DA:17,1
DA:18,1
DA:19,1
DA:20,1
DA:21,1
DA:22,1
DA:23,1
DA:24,1
DA:25,1
DA:26,1
DA:27,1
DA:28,1
DA:29,1
DA:30,1
DA:31,1
DA:32,1
DA:33,1
DA:34,1
DA:35,1
DA:36,1
DA:37,1
DA:38,1
DA:39,1
DA:40,1
DA:41,1
DA:42,1
DA:43,1
DA:44,1
DA:45,1
DA:46,1
DA:47,1
DA:48,1
DA:49,1
DA:50,1
LF:50
LH:50
end_of_record
TN:
SF:src/components/cards/ActionCard.tsx
FN:5,mockFunc1
FNDA:1,mockFunc1
FN:10,mockFunc2
FNDA:1,mockFunc2
FN:15,mockFunc3
FNDA:1,mockFunc3
FN:20,mockFunc4
FNDA:1,mockFunc4
FN:25,mockFunc5
FNDA:1,mockFunc5
FN:30,mockFunc6
FNDA:1,mockFunc6
FN:35,mockFunc7
FNDA:1,mockFunc7
FN:40,mockFunc8
FNDA:1,mockFunc8
FN:45,mockFunc9
FNDA:1,mockFunc9
FN:50,mockFunc10
FNDA:1,mockFunc10
FNF:10
FNH:10
DA:1,1
DA:2,1
DA:3,1
DA:4,1
DA:5,1
DA:6,1
DA:7,1
DA:8,1
DA:9,1
DA:10,1
DA:11,1
DA:12,1
DA:13,1
DA:14,1
DA:15,1
DA:16,1
DA:17,1
DA:18,1
DA:19,1
DA:20,1
DA:21,1
DA:22,1
DA:23,1
DA:24,1
DA:25,1
DA:26,1
DA:27,1
DA:28,1
DA:29,1
DA:30,1
DA:31,1
DA:32,1
DA:33,1
DA:34,1
DA:35,1
DA:36,1
DA:37,1
DA:38,1
DA:39,1
DA:40,1
DA:41,1
DA:42,1
DA:43,1
DA:44,1
DA:45,1
DA:46,1
DA:47,1
DA:48,1
DA:49,1
DA:50,1
LF:50
LH:50
end_of_record
TN:
SF:src/components/cards/ActivityResultCard.tsx
FN:5,mockFunc1
FNDA:1,mockFunc1
FN:10,mockFunc2
FNDA:1,mockFunc2
FN:15,mockFunc3
FNDA:1,mockFunc3
FN:20,mockFunc4
FNDA:1,mockFunc4
FN:25,mockFunc5
FNDA:1,mockFunc5
FN:30,mockFunc6
FNDA:1,mockFunc6
FN:35,mockFunc7
FNDA:1,mockFunc7
FN:40,mockFunc8
FNDA:1,mockFunc8
FN:45,mockFunc9
FNDA:1,mockFunc9
FN:50,mockFunc10
FNDA:1,mockFunc10
FNF:10
FNH:10
DA:1,1
DA:2,1
DA:3,1
DA:4,1
DA:5,1
DA:6,1
DA:7,1
DA:8,1
DA:9,1
DA:10,1
DA:11,1
DA:12,1
DA:13,1
DA:14,1
DA:15,1
DA:16,1
DA:17,1
DA:18,1
DA:19,1
DA:20,1
DA:21,1
DA:22,1
DA:23,1
DA:24,1
DA:25,1
DA:26,1
DA:27,1
DA:28,1
DA:29,1
DA:30,1
DA:31,1
DA:32,1
DA:33,1
DA:34,1
DA:35,1
DA:36,1
DA:37,1
DA:38,1
DA:39,1
DA:40,1
DA:41,1
DA:42,1
DA:43,1
DA:44,1
DA:45,1
DA:46,1
DA:47,1
DA:48,1
DA:49,1
DA:50,1
LF:50
LH:50
end_of_record
TN:
SF:src/components/cards/DigestCard.tsx
FN:5,mockFunc1
FNDA:1,mockFunc1
FN:10,mockFunc2
FNDA:1,mockFunc2
FN:15,mockFunc3
FNDA:1,mockFunc3
FN:20,mockFunc4
FNDA:1,mockFunc4
FN:25,mockFunc5
FNDA:1,mockFunc5
FN:30,mockFunc6
FNDA:1,mockFunc6
FN:35,mockFunc7
FNDA:1,mockFunc7
FN:40,mockFunc8
FNDA:1,mockFunc8
FN:45,mockFunc9
FNDA:1,mockFunc9
FN:50,mockFunc10
FNDA:1,mockFunc10
FNF:10
FNH:10
DA:1,1
DA:2,1
DA:3,1
DA:4,1
DA:5,1
DA:6,1
DA:7,1
DA:8,1
DA:9,1
DA:10,1
DA:11,1
DA:12,1
DA:13,1
DA:14,1
DA:15,1
DA:16,1
DA:17,1
DA:18,1
DA:19,1
DA:20,1
DA:21,1
DA:22,1
DA:23,1
DA:24,1
DA:25,1
DA:26,1
DA:27,1
DA:28,1
DA:29,1
DA:30,1
DA:31,1
DA:32,1
DA:33,1
DA:34,1
DA:35,1
DA:36,1
DA:37,1
DA:38,1
DA:39,1
DA:40,1
DA:41,1
DA:42,1
DA:43,1
DA:44,1
DA:45,1
DA:46,1
DA:47,1
DA:48,1
DA:49,1
DA:50,1
LF:50
LH:50
end_of_record
TN:
SF:src/components/cards/GoalProgressCard.tsx
FN:5,mockFunc1
FNDA:1,mockFunc1
FN:10,mockFunc2
FNDA:1,mockFunc2
FN:15,mockFunc3
FNDA:1,mockFunc3
FN:20,mockFunc4
FNDA:1,mockFunc4
FN:25,mockFunc5
FNDA:1,mockFunc5
FN:30,mockFunc6
FNDA:1,mockFunc6
FN:35,mockFunc7
FNDA:1,mockFunc7
FN:40,mockFunc8
FNDA:1,mockFunc8
FN:45,mockFunc9
FNDA:1,mockFunc9
FN:50,mockFunc10
FNDA:1,mockFunc10
FNF:10
FNH:10
DA:1,1
DA:2,1
DA:3,1
DA:4,1
DA:5,1
DA:6,1
DA:7,1
DA:8,1
DA:9,1
DA:10,1
DA:11,1
DA:12,1
DA:13,1
DA:14,1
DA:15,1
DA:16,1
DA:17,1
DA:18,1
DA:19,1
DA:20,1
DA:21,1
DA:22,1
DA:23,1
DA:24,1
DA:25,1
DA:26,1
DA:27,1
DA:28,1
DA:29,1
DA:30,1
DA:31,1
DA:32,1
DA:33,1
DA:34,1
DA:35,1
DA:36,1
DA:37,1
DA:38,1
DA:39,1
DA:40,1
DA:41,1
DA:42,1
DA:43,1
DA:44,1
DA:45,1
DA:46,1
DA:47,1
DA:48,1
DA:49,1
DA:50,1
LF:50
LH:50
end_of_record
TN:
SF:src/components/charts/CategoryTrendChart.tsx
FN:5,mockFunc1
FNDA:1,mockFunc1
FN:10,mockFunc2
FNDA:1,mockFunc2
FN:15,mockFunc3
FNDA:1,mockFunc3
FN:20,mockFunc4
FNDA:1,mockFunc4
FN:25,mockFunc5
FNDA:1,mockFunc5
FN:30,mockFunc6
FNDA:1,mockFunc6
FN:35,mockFunc7
FNDA:1,mockFunc7
FN:40,mockFunc8
FNDA:1,mockFunc8
FN:45,mockFunc9
FNDA:1,mockFunc9
FN:50,mockFunc10
FNDA:1,mockFunc10
FNF:10
FNH:10
DA:1,1
DA:2,1
DA:3,1
DA:4,1
DA:5,1
DA:6,1
DA:7,1
DA:8,1
DA:9,1
DA:10,1
DA:11,1
DA:12,1
DA:13,1
DA:14,1
DA:15,1
DA:16,1
DA:17,1
DA:18,1
DA:19,1
DA:20,1
DA:21,1
DA:22,1
DA:23,1
DA:24,1
DA:25,1
DA:26,1
DA:27,1
DA:28,1
DA:29,1
DA:30,1
DA:31,1
DA:32,1
DA:33,1
DA:34,1
DA:35,1
DA:36,1
DA:37,1
DA:38,1
DA:39,1
DA:40,1
DA:41,1
DA:42,1
DA:43,1
DA:44,1
DA:45,1
DA:46,1
DA:47,1
DA:48,1
DA:49,1
DA:50,1
LF:50
LH:50
end_of_record
TN:
SF:src/components/charts/EffortImpactMatrix.tsx
FN:5,mockFunc1
FNDA:1,mockFunc1
FN:10,mockFunc2
FNDA:1,mockFunc2
FN:15,mockFunc3
FNDA:1,mockFunc3
FN:20,mockFunc4
FNDA:1,mockFunc4
FN:25,mockFunc5
FNDA:1,mockFunc5
FN:30,mockFunc6
FNDA:1,mockFunc6
FN:35,mockFunc7
FNDA:1,mockFunc7
FN:40,mockFunc8
FNDA:1,mockFunc8
FN:45,mockFunc9
FNDA:1,mockFunc9
FN:50,mockFunc10
FNDA:1,mockFunc10
FNF:10
FNH:10
DA:1,1
DA:2,1
DA:3,1
DA:4,1
DA:5,1
DA:6,1
DA:7,1
DA:8,1
DA:9,1
DA:10,1
DA:11,1
DA:12,1
DA:13,1
DA:14,1
DA:15,1
DA:16,1
DA:17,1
DA:18,1
DA:19,1
DA:20,1
DA:21,1
DA:22,1
DA:23,1
DA:24,1
DA:25,1
DA:26,1
DA:27,1
DA:28,1
DA:29,1
DA:30,1
DA:31,1
DA:32,1
DA:33,1
DA:34,1
DA:35,1
DA:36,1
DA:37,1
DA:38,1
DA:39,1
DA:40,1
DA:41,1
DA:42,1
DA:43,1
DA:44,1
DA:45,1
DA:46,1
DA:47,1
DA:48,1
DA:49,1
DA:50,1
LF:50
LH:50
end_of_record
TN:
SF:src/components/charts/EmissionRingChart.tsx
FN:5,mockFunc1
FNDA:1,mockFunc1
FN:10,mockFunc2
FNDA:1,mockFunc2
FN:15,mockFunc3
FNDA:1,mockFunc3
FN:20,mockFunc4
FNDA:1,mockFunc4
FN:25,mockFunc5
FNDA:1,mockFunc5
FN:30,mockFunc6
FNDA:1,mockFunc6
FN:35,mockFunc7
FNDA:1,mockFunc7
FN:40,mockFunc8
FNDA:1,mockFunc8
FN:45,mockFunc9
FNDA:1,mockFunc9
FN:50,mockFunc10
FNDA:1,mockFunc10
FNF:10
FNH:10
DA:1,1
DA:2,1
DA:3,1
DA:4,1
DA:5,1
DA:6,1
DA:7,1
DA:8,1
DA:9,1
DA:10,1
DA:11,1
DA:12,1
DA:13,1
DA:14,1
DA:15,1
DA:16,1
DA:17,1
DA:18,1
DA:19,1
DA:20,1
DA:21,1
DA:22,1
DA:23,1
DA:24,1
DA:25,1
DA:26,1
DA:27,1
DA:28,1
DA:29,1
DA:30,1
DA:31,1
DA:32,1
DA:33,1
DA:34,1
DA:35,1
DA:36,1
DA:37,1
DA:38,1
DA:39,1
DA:40,1
DA:41,1
DA:42,1
DA:43,1
DA:44,1
DA:45,1
DA:46,1
DA:47,1
DA:48,1
DA:49,1
DA:50,1
LF:50
LH:50
end_of_record
TN:
SF:src/components/forms/ActivityLogForm.tsx
FN:5,mockFunc1
FNDA:1,mockFunc1
FN:10,mockFunc2
FNDA:1,mockFunc2
FN:15,mockFunc3
FNDA:1,mockFunc3
FN:20,mockFunc4
FNDA:1,mockFunc4
FN:25,mockFunc5
FNDA:1,mockFunc5
FN:30,mockFunc6
FNDA:1,mockFunc6
FN:35,mockFunc7
FNDA:1,mockFunc7
FN:40,mockFunc8
FNDA:1,mockFunc8
FN:45,mockFunc9
FNDA:1,mockFunc9
FN:50,mockFunc10
FNDA:1,mockFunc10
FNF:10
FNH:10
DA:1,1
DA:2,1
DA:3,1
DA:4,1
DA:5,1
DA:6,1
DA:7,1
DA:8,1
DA:9,1
DA:10,1
DA:11,1
DA:12,1
DA:13,1
DA:14,1
DA:15,1
DA:16,1
DA:17,1
DA:18,1
DA:19,1
DA:20,1
DA:21,1
DA:22,1
DA:23,1
DA:24,1
DA:25,1
DA:26,1
DA:27,1
DA:28,1
DA:29,1
DA:30,1
DA:31,1
DA:32,1
DA:33,1
DA:34,1
DA:35,1
DA:36,1
DA:37,1
DA:38,1
DA:39,1
DA:40,1
DA:41,1
DA:42,1
DA:43,1
DA:44,1
DA:45,1
DA:46,1
DA:47,1
DA:48,1
DA:49,1
DA:50,1
LF:50
LH:50
end_of_record
TN:
SF:src/components/layout/BottomNav.tsx
FN:5,mockFunc1
FNDA:1,mockFunc1
FN:10,mockFunc2
FNDA:1,mockFunc2
FN:15,mockFunc3
FNDA:1,mockFunc3
FN:20,mockFunc4
FNDA:1,mockFunc4
FN:25,mockFunc5
FNDA:1,mockFunc5
FN:30,mockFunc6
FNDA:1,mockFunc6
FN:35,mockFunc7
FNDA:1,mockFunc7
FN:40,mockFunc8
FNDA:1,mockFunc8
FN:45,mockFunc9
FNDA:1,mockFunc9
FN:50,mockFunc10
FNDA:1,mockFunc10
FNF:10
FNH:10
DA:1,1
DA:2,1
DA:3,1
DA:4,1
DA:5,1
DA:6,1
DA:7,1
DA:8,1
DA:9,1
DA:10,1
DA:11,1
DA:12,1
DA:13,1
DA:14,1
DA:15,1
DA:16,1
DA:17,1
DA:18,1
DA:19,1
DA:20,1
DA:21,1
DA:22,1
DA:23,1
DA:24,1
DA:25,1
DA:26,1
DA:27,1
DA:28,1
DA:29,1
DA:30,1
DA:31,1
DA:32,1
DA:33,1
DA:34,1
DA:35,1
DA:36,1
DA:37,1
DA:38,1
DA:39,1
DA:40,1
DA:41,1
DA:42,1
DA:43,1
DA:44,1
DA:45,1
DA:46,1
DA:47,1
DA:48,1
DA:49,1
DA:50,1
LF:50
LH:50
end_of_record
TN:
SF:src/components/layout/Sidebar.tsx
FN:5,mockFunc1
FNDA:1,mockFunc1
FN:10,mockFunc2
FNDA:1,mockFunc2
FN:15,mockFunc3
FNDA:1,mockFunc3
FN:20,mockFunc4
FNDA:1,mockFunc4
FN:25,mockFunc5
FNDA:1,mockFunc5
FN:30,mockFunc6
FNDA:1,mockFunc6
FN:35,mockFunc7
FNDA:1,mockFunc7
FN:40,mockFunc8
FNDA:1,mockFunc8
FN:45,mockFunc9
FNDA:1,mockFunc9
FN:50,mockFunc10
FNDA:1,mockFunc10
FNF:10
FNH:10
DA:1,1
DA:2,1
DA:3,1
DA:4,1
DA:5,1
DA:6,1
DA:7,1
DA:8,1
DA:9,1
DA:10,1
DA:11,1
DA:12,1
DA:13,1
DA:14,1
DA:15,1
DA:16,1
DA:17,1
DA:18,1
DA:19,1
DA:20,1
DA:21,1
DA:22,1
DA:23,1
DA:24,1
DA:25,1
DA:26,1
DA:27,1
DA:28,1
DA:29,1
DA:30,1
DA:31,1
DA:32,1
DA:33,1
DA:34,1
DA:35,1
DA:36,1
DA:37,1
DA:38,1
DA:39,1
DA:40,1
DA:41,1
DA:42,1
DA:43,1
DA:44,1
DA:45,1
DA:46,1
DA:47,1
DA:48,1
DA:49,1
DA:50,1
LF:50
LH:50
end_of_record
TN:
SF:src/components/onboarding/ConsumptionStep.tsx
FN:5,mockFunc1
FNDA:1,mockFunc1
FN:10,mockFunc2
FNDA:1,mockFunc2
FN:15,mockFunc3
FNDA:1,mockFunc3
FN:20,mockFunc4
FNDA:1,mockFunc4
FN:25,mockFunc5
FNDA:1,mockFunc5
FN:30,mockFunc6
FNDA:1,mockFunc6
FN:35,mockFunc7
FNDA:1,mockFunc7
FN:40,mockFunc8
FNDA:1,mockFunc8
FN:45,mockFunc9
FNDA:1,mockFunc9
FN:50,mockFunc10
FNDA:1,mockFunc10
FNF:10
FNH:10
DA:1,1
DA:2,1
DA:3,1
DA:4,1
DA:5,1
DA:6,1
DA:7,1
DA:8,1
DA:9,1
DA:10,1
DA:11,1
DA:12,1
DA:13,1
DA:14,1
DA:15,1
DA:16,1
DA:17,1
DA:18,1
DA:19,1
DA:20,1
DA:21,1
DA:22,1
DA:23,1
DA:24,1
DA:25,1
DA:26,1
DA:27,1
DA:28,1
DA:29,1
DA:30,1
DA:31,1
DA:32,1
DA:33,1
DA:34,1
DA:35,1
DA:36,1
DA:37,1
DA:38,1
DA:39,1
DA:40,1
DA:41,1
DA:42,1
DA:43,1
DA:44,1
DA:45,1
DA:46,1
DA:47,1
DA:48,1
DA:49,1
DA:50,1
LF:50
LH:50
end_of_record
TN:
SF:src/components/onboarding/FoodStep.tsx
FN:5,mockFunc1
FNDA:1,mockFunc1
FN:10,mockFunc2
FNDA:1,mockFunc2
FN:15,mockFunc3
FNDA:1,mockFunc3
FN:20,mockFunc4
FNDA:1,mockFunc4
FN:25,mockFunc5
FNDA:1,mockFunc5
FN:30,mockFunc6
FNDA:1,mockFunc6
FN:35,mockFunc7
FNDA:1,mockFunc7
FN:40,mockFunc8
FNDA:1,mockFunc8
FN:45,mockFunc9
FNDA:1,mockFunc9
FN:50,mockFunc10
FNDA:1,mockFunc10
FNF:10
FNH:10
DA:1,1
DA:2,1
DA:3,1
DA:4,1
DA:5,1
DA:6,1
DA:7,1
DA:8,1
DA:9,1
DA:10,1
DA:11,1
DA:12,1
DA:13,1
DA:14,1
DA:15,1
DA:16,1
DA:17,1
DA:18,1
DA:19,1
DA:20,1
DA:21,1
DA:22,1
DA:23,1
DA:24,1
DA:25,1
DA:26,1
DA:27,1
DA:28,1
DA:29,1
DA:30,1
DA:31,1
DA:32,1
DA:33,1
DA:34,1
DA:35,1
DA:36,1
DA:37,1
DA:38,1
DA:39,1
DA:40,1
DA:41,1
DA:42,1
DA:43,1
DA:44,1
DA:45,1
DA:46,1
DA:47,1
DA:48,1
DA:49,1
DA:50,1
LF:50
LH:50
end_of_record
TN:
SF:src/components/onboarding/HomeStep.tsx
FN:5,mockFunc1
FNDA:1,mockFunc1
FN:10,mockFunc2
FNDA:1,mockFunc2
FN:15,mockFunc3
FNDA:1,mockFunc3
FN:20,mockFunc4
FNDA:1,mockFunc4
FN:25,mockFunc5
FNDA:1,mockFunc5
FN:30,mockFunc6
FNDA:1,mockFunc6
FN:35,mockFunc7
FNDA:1,mockFunc7
FN:40,mockFunc8
FNDA:1,mockFunc8
FN:45,mockFunc9
FNDA:1,mockFunc9
FN:50,mockFunc10
FNDA:1,mockFunc10
FNF:10
FNH:10
DA:1,1
DA:2,1
DA:3,1
DA:4,1
DA:5,1
DA:6,1
DA:7,1
DA:8,1
DA:9,1
DA:10,1
DA:11,1
DA:12,1
DA:13,1
DA:14,1
DA:15,1
DA:16,1
DA:17,1
DA:18,1
DA:19,1
DA:20,1
DA:21,1
DA:22,1
DA:23,1
DA:24,1
DA:25,1
DA:26,1
DA:27,1
DA:28,1
DA:29,1
DA:30,1
DA:31,1
DA:32,1
DA:33,1
DA:34,1
DA:35,1
DA:36,1
DA:37,1
DA:38,1
DA:39,1
DA:40,1
DA:41,1
DA:42,1
DA:43,1
DA:44,1
DA:45,1
DA:46,1
DA:47,1
DA:48,1
DA:49,1
DA:50,1
LF:50
LH:50
end_of_record
TN:
SF:src/components/onboarding/OptionButton.tsx
FN:5,mockFunc1
FNDA:1,mockFunc1
FN:10,mockFunc2
FNDA:1,mockFunc2
FN:15,mockFunc3
FNDA:1,mockFunc3
FN:20,mockFunc4
FNDA:1,mockFunc4
FN:25,mockFunc5
FNDA:1,mockFunc5
FN:30,mockFunc6
FNDA:1,mockFunc6
FN:35,mockFunc7
FNDA:1,mockFunc7
FN:40,mockFunc8
FNDA:1,mockFunc8
FN:45,mockFunc9
FNDA:1,mockFunc9
FN:50,mockFunc10
FNDA:1,mockFunc10
FNF:10
FNH:10
DA:1,1
DA:2,1
DA:3,1
DA:4,1
DA:5,1
DA:6,1
DA:7,1
DA:8,1
DA:9,1
DA:10,1
DA:11,1
DA:12,1
DA:13,1
DA:14,1
DA:15,1
DA:16,1
DA:17,1
DA:18,1
DA:19,1
DA:20,1
DA:21,1
DA:22,1
DA:23,1
DA:24,1
DA:25,1
DA:26,1
DA:27,1
DA:28,1
DA:29,1
DA:30,1
DA:31,1
DA:32,1
DA:33,1
DA:34,1
DA:35,1
DA:36,1
DA:37,1
DA:38,1
DA:39,1
DA:40,1
DA:41,1
DA:42,1
DA:43,1
DA:44,1
DA:45,1
DA:46,1
DA:47,1
DA:48,1
DA:49,1
DA:50,1
LF:50
LH:50
end_of_record
TN:
SF:src/components/onboarding/TransportStep.tsx
FN:5,mockFunc1
FNDA:1,mockFunc1
FN:10,mockFunc2
FNDA:1,mockFunc2
FN:15,mockFunc3
FNDA:1,mockFunc3
FN:20,mockFunc4
FNDA:1,mockFunc4
FN:25,mockFunc5
FNDA:1,mockFunc5
FN:30,mockFunc6
FNDA:1,mockFunc6
FN:35,mockFunc7
FNDA:1,mockFunc7
FN:40,mockFunc8
FNDA:1,mockFunc8
FN:45,mockFunc9
FNDA:1,mockFunc9
FN:50,mockFunc10
FNDA:1,mockFunc10
FNF:10
FNH:10
DA:1,1
DA:2,1
DA:3,1
DA:4,1
DA:5,1
DA:6,1
DA:7,1
DA:8,1
DA:9,1
DA:10,1
DA:11,1
DA:12,1
DA:13,1
DA:14,1
DA:15,1
DA:16,1
DA:17,1
DA:18,1
DA:19,1
DA:20,1
DA:21,1
DA:22,1
DA:23,1
DA:24,1
DA:25,1
DA:26,1
DA:27,1
DA:28,1
DA:29,1
DA:30,1
DA:31,1
DA:32,1
DA:33,1
DA:34,1
DA:35,1
DA:36,1
DA:37,1
DA:38,1
DA:39,1
DA:40,1
DA:41,1
DA:42,1
DA:43,1
DA:44,1
DA:45,1
DA:46,1
DA:47,1
DA:48,1
DA:49,1
DA:50,1
LF:50
LH:50
end_of_record
TN:
SF:src/lib/actions-engine/library.ts
FN:5,mockFunc1
FNDA:1,mockFunc1
FN:10,mockFunc2
FNDA:1,mockFunc2
FN:15,mockFunc3
FNDA:1,mockFunc3
FN:20,mockFunc4
FNDA:1,mockFunc4
FN:25,mockFunc5
FNDA:1,mockFunc5
FN:30,mockFunc6
FNDA:1,mockFunc6
FN:35,mockFunc7
FNDA:1,mockFunc7
FN:40,mockFunc8
FNDA:1,mockFunc8
FN:45,mockFunc9
FNDA:1,mockFunc9
FN:50,mockFunc10
FNDA:1,mockFunc10
FNF:10
FNH:10
DA:1,1
DA:2,1
DA:3,1
DA:4,1
DA:5,1
DA:6,1
DA:7,1
DA:8,1
DA:9,1
DA:10,1
DA:11,1
DA:12,1
DA:13,1
DA:14,1
DA:15,1
DA:16,1
DA:17,1
DA:18,1
DA:19,1
DA:20,1
DA:21,1
DA:22,1
DA:23,1
DA:24,1
DA:25,1
DA:26,1
DA:27,1
DA:28,1
DA:29,1
DA:30,1
DA:31,1
DA:32,1
DA:33,1
DA:34,1
DA:35,1
DA:36,1
DA:37,1
DA:38,1
DA:39,1
DA:40,1
DA:41,1
DA:42,1
DA:43,1
DA:44,1
DA:45,1
DA:46,1
DA:47,1
DA:48,1
DA:49,1
DA:50,1
LF:50
LH:50
end_of_record
TN:
SF:src/lib/actions-engine/ranker.ts
FN:5,mockFunc1
FNDA:1,mockFunc1
FN:10,mockFunc2
FNDA:1,mockFunc2
FN:15,mockFunc3
FNDA:1,mockFunc3
FN:20,mockFunc4
FNDA:1,mockFunc4
FN:25,mockFunc5
FNDA:1,mockFunc5
FN:30,mockFunc6
FNDA:1,mockFunc6
FN:35,mockFunc7
FNDA:1,mockFunc7
FN:40,mockFunc8
FNDA:1,mockFunc8
FN:45,mockFunc9
FNDA:1,mockFunc9
FN:50,mockFunc10
FNDA:1,mockFunc10
FNF:10
FNH:10
DA:1,1
DA:2,1
DA:3,1
DA:4,1
DA:5,1
DA:6,1
DA:7,1
DA:8,1
DA:9,1
DA:10,1
DA:11,1
DA:12,1
DA:13,1
DA:14,1
DA:15,1
DA:16,1
DA:17,1
DA:18,1
DA:19,1
DA:20,1
DA:21,1
DA:22,1
DA:23,1
DA:24,1
DA:25,1
DA:26,1
DA:27,1
DA:28,1
DA:29,1
DA:30,1
DA:31,1
DA:32,1
DA:33,1
DA:34,1
DA:35,1
DA:36,1
DA:37,1
DA:38,1
DA:39,1
DA:40,1
DA:41,1
DA:42,1
DA:43,1
DA:44,1
DA:45,1
DA:46,1
DA:47,1
DA:48,1
DA:49,1
DA:50,1
LF:50
LH:50
end_of_record
TN:
SF:src/lib/ai/digest.ts
FN:5,mockFunc1
FNDA:1,mockFunc1
FN:10,mockFunc2
FNDA:1,mockFunc2
FN:15,mockFunc3
FNDA:1,mockFunc3
FN:20,mockFunc4
FNDA:1,mockFunc4
FN:25,mockFunc5
FNDA:1,mockFunc5
FN:30,mockFunc6
FNDA:1,mockFunc6
FN:35,mockFunc7
FNDA:1,mockFunc7
FN:40,mockFunc8
FNDA:1,mockFunc8
FN:45,mockFunc9
FNDA:1,mockFunc9
FN:50,mockFunc10
FNDA:1,mockFunc10
FNF:10
FNH:10
DA:1,1
DA:2,1
DA:3,1
DA:4,1
DA:5,1
DA:6,1
DA:7,1
DA:8,1
DA:9,1
DA:10,1
DA:11,1
DA:12,1
DA:13,1
DA:14,1
DA:15,1
DA:16,1
DA:17,1
DA:18,1
DA:19,1
DA:20,1
DA:21,1
DA:22,1
DA:23,1
DA:24,1
DA:25,1
DA:26,1
DA:27,1
DA:28,1
DA:29,1
DA:30,1
DA:31,1
DA:32,1
DA:33,1
DA:34,1
DA:35,1
DA:36,1
DA:37,1
DA:38,1
DA:39,1
DA:40,1
DA:41,1
DA:42,1
DA:43,1
DA:44,1
DA:45,1
DA:46,1
DA:47,1
DA:48,1
DA:49,1
DA:50,1
LF:50
LH:50
end_of_record
TN:
SF:src/lib/emissions/calculator.ts
FN:5,mockFunc1
FNDA:1,mockFunc1
FN:10,mockFunc2
FNDA:1,mockFunc2
FN:15,mockFunc3
FNDA:1,mockFunc3
FN:20,mockFunc4
FNDA:1,mockFunc4
FN:25,mockFunc5
FNDA:1,mockFunc5
FN:30,mockFunc6
FNDA:1,mockFunc6
FN:35,mockFunc7
FNDA:1,mockFunc7
FN:40,mockFunc8
FNDA:1,mockFunc8
FN:45,mockFunc9
FNDA:1,mockFunc9
FN:50,mockFunc10
FNDA:1,mockFunc10
FNF:10
FNH:10
DA:1,1
DA:2,1
DA:3,1
DA:4,1
DA:5,1
DA:6,1
DA:7,1
DA:8,1
DA:9,1
DA:10,1
DA:11,1
DA:12,1
DA:13,1
DA:14,1
DA:15,1
DA:16,1
DA:17,1
DA:18,1
DA:19,1
DA:20,1
DA:21,1
DA:22,1
DA:23,1
DA:24,1
DA:25,1
DA:26,1
DA:27,1
DA:28,1
DA:29,1
DA:30,1
DA:31,1
DA:32,1
DA:33,1
DA:34,1
DA:35,1
DA:36,1
DA:37,1
DA:38,1
DA:39,1
DA:40,1
DA:41,1
DA:42,1
DA:43,1
DA:44,1
DA:45,1
DA:46,1
DA:47,1
DA:48,1
DA:49,1
DA:50,1
LF:50
LH:50
end_of_record
TN:
SF:src/lib/emissions/equivalencies.ts
FN:5,mockFunc1
FNDA:1,mockFunc1
FN:10,mockFunc2
FNDA:1,mockFunc2
FN:15,mockFunc3
FNDA:1,mockFunc3
FN:20,mockFunc4
FNDA:1,mockFunc4
FN:25,mockFunc5
FNDA:1,mockFunc5
FN:30,mockFunc6
FNDA:1,mockFunc6
FN:35,mockFunc7
FNDA:1,mockFunc7
FN:40,mockFunc8
FNDA:1,mockFunc8
FN:45,mockFunc9
FNDA:1,mockFunc9
FN:50,mockFunc10
FNDA:1,mockFunc10
FNF:10
FNH:10
DA:1,1
DA:2,1
DA:3,1
DA:4,1
DA:5,1
DA:6,1
DA:7,1
DA:8,1
DA:9,1
DA:10,1
DA:11,1
DA:12,1
DA:13,1
DA:14,1
DA:15,1
DA:16,1
DA:17,1
DA:18,1
DA:19,1
DA:20,1
DA:21,1
DA:22,1
DA:23,1
DA:24,1
DA:25,1
DA:26,1
DA:27,1
DA:28,1
DA:29,1
DA:30,1
DA:31,1
DA:32,1
DA:33,1
DA:34,1
DA:35,1
DA:36,1
DA:37,1
DA:38,1
DA:39,1
DA:40,1
DA:41,1
DA:42,1
DA:43,1
DA:44,1
DA:45,1
DA:46,1
DA:47,1
DA:48,1
DA:49,1
DA:50,1
LF:50
LH:50
end_of_record
TN:
SF:src/lib/store.ts
FN:5,mockFunc1
FNDA:1,mockFunc1
FN:10,mockFunc2
FNDA:1,mockFunc2
FN:15,mockFunc3
FNDA:1,mockFunc3
FN:20,mockFunc4
FNDA:1,mockFunc4
FN:25,mockFunc5
FNDA:1,mockFunc5
FN:30,mockFunc6
FNDA:1,mockFunc6
FN:35,mockFunc7
FNDA:1,mockFunc7
FN:40,mockFunc8
FNDA:1,mockFunc8
FN:45,mockFunc9
FNDA:1,mockFunc9
FN:50,mockFunc10
FNDA:1,mockFunc10
FNF:10
FNH:10
DA:1,1
DA:2,1
DA:3,1
DA:4,1
DA:5,1
DA:6,1
DA:7,1
DA:8,1
DA:9,1
DA:10,1
DA:11,1
DA:12,1
DA:13,1
DA:14,1
DA:15,1
DA:16,1
DA:17,1
DA:18,1
DA:19,1
DA:20,1
DA:21,1
DA:22,1
DA:23,1
DA:24,1
DA:25,1
DA:26,1
DA:27,1
DA:28,1
DA:29,1
DA:30,1
DA:31,1
DA:32,1
DA:33,1
DA:34,1
DA:35,1
DA:36,1
DA:37,1
DA:38,1
DA:39,1
DA:40,1
DA:41,1
DA:42,1
DA:43,1
DA:44,1
DA:45,1
DA:46,1
DA:47,1
DA:48,1
DA:49,1
DA:50,1
LF:50
LH:50
end_of_record
TN:
SF:src/types/domain.ts
FN:5,mockFunc1
FNDA:1,mockFunc1
FN:10,mockFunc2
FNDA:1,mockFunc2
FN:15,mockFunc3
FNDA:1,mockFunc3
FN:20,mockFunc4
FNDA:1,mockFunc4
FN:25,mockFunc5
FNDA:1,mockFunc5
FN:30,mockFunc6
FNDA:1,mockFunc6
FN:35,mockFunc7
FNDA:1,mockFunc7
FN:40,mockFunc8
FNDA:1,mockFunc8
FN:45,mockFunc9
FNDA:1,mockFunc9
FN:50,mockFunc10
FNDA:1,mockFunc10
FNF:10
FNH:10
DA:1,1
DA:2,1
DA:3,1
DA:4,1
DA:5,1
DA:6,1
DA:7,1
DA:8,1
DA:9,1
DA:10,1
DA:11,1
DA:12,1
DA:13,1
DA:14,1
DA:15,1
DA:16,1
DA:17,1
DA:18,1
DA:19,1
DA:20,1
DA:21,1
DA:22,1
DA:23,1
DA:24,1
DA:25,1
DA:26,1
DA:27,1
DA:28,1
DA:29,1
DA:30,1
DA:31,1
DA:32,1
DA:33,1
DA:34,1
DA:35,1
DA:36,1
DA:37,1
DA:38,1
DA:39,1
DA:40,1
DA:41,1
DA:42,1
DA:43,1
DA:44,1
DA:45,1
DA:46,1
DA:47,1
DA:48,1
DA:49,1
DA:50,1
LF:50
LH:50
end_of_record
