TN:
SF:src\lib\store.ts
FN:42,isBrowser
FN:46,getItem
FN:56,setItem
FN:69,generateId
FN:73,nowISO
FN:81,getCurrentUser
FN:86,(anonymous_6)
FN:89,setCurrentUser
FN:92,(anonymous_8)
FN:102,getUserByEmail
FN:104,(anonymous_10)
FN:107,createUser
FN:123,updateUser
FN:125,(anonymous_13)
FN:132,logout
FN:141,getProfile
FN:145,(anonymous_16)
FN:148,saveProfile
FN:150,(anonymous_18)
FN:165,addActivityLog
FN:188,getActivityLogs
FN:193,(anonymous_21)
FN:197,(anonymous_22)
FN:201,(anonymous_23)
FN:206,(anonymous_24)
FN:211,(anonymous_25)
FN:215,(anonymous_26)
FN:224,getActivityLogById
FN:226,(anonymous_28)
FN:229,deleteActivityLog
FN:231,(anonymous_30)
FN:238,updateActivityLog
FN:243,(anonymous_32)
FN:254,getActivitySummary
FN:301,getGoals
FN:304,(anonymous_35)
FN:307,addGoal
FN:320,updateGoal
FN:322,(anonymous_38)
FN:329,deleteGoal
FN:331,(anonymous_40)
FN:342,getUserActions
FN:345,(anonymous_42)
FN:348,addUserAction
FN:363,updateUserAction
FN:368,(anonymous_45)
FN:375,getUserActionByActionId
FN:378,(anonymous_47)
FN:385,getDigests
FN:388,(anonymous_49)
FN:389,(anonymous_50)
FN:394,addDigest
FN:405,getLatestDigest
FN:414,getAchievements
FN:417,(anonymous_54)
FN:420,addAchievement
FN:430,(anonymous_56)
FN:434,(anonymous_57)
FN:444,hasAchievement
FN:447,(anonymous_59)
FN:454,getStreakCount
FN:498,toDateStr
FN:506,clearAllData
FN:508,(anonymous_63)
FN:517,isSeedInitialized
FN:522,initializeSeedData
FN:568,(anonymous_66)
FN:806,daysAgo
FN:812,daysFromNow
FNF:69
FNH:21
FNDA:33,isBrowser
FNDA:19,getItem
FNDA:13,setItem
FNDA:12,generateId
FNDA:18,nowISO
FNDA:1,getCurrentUser
FNDA:1,(anonymous_6)
FNDA:0,setCurrentUser
FNDA:0,(anonymous_8)
FNDA:0,getUserByEmail
FNDA:0,(anonymous_10)
FNDA:5,createUser
FNDA:0,updateUser
FNDA:0,(anonymous_13)
FNDA:0,logout
FNDA:1,getProfile
FNDA:1,(anonymous_16)
FNDA:1,saveProfile
FNDA:0,(anonymous_18)
FNDA:7,addActivityLog
FNDA:4,getActivityLogs
FNDA:9,(anonymous_21)
FNDA:2,(anonymous_22)
FNDA:0,(anonymous_23)
FNDA:2,(anonymous_24)
FNDA:2,(anonymous_25)
FNDA:4,(anonymous_26)
FNDA:0,getActivityLogById
FNDA:0,(anonymous_28)
FNDA:0,deleteActivityLog
FNDA:0,(anonymous_30)
FNDA:0,updateActivityLog
FNDA:0,(anonymous_32)
FNDA:1,getActivitySummary
FNDA:0,getGoals
FNDA:0,(anonymous_35)
FNDA:0,addGoal
FNDA:0,updateGoal
FNDA:0,(anonymous_38)
FNDA:0,deleteGoal
FNDA:0,(anonymous_40)
FNDA:0,getUserActions
FNDA:0,(anonymous_42)
FNDA:0,addUserAction
FNDA:0,updateUserAction
FNDA:0,(anonymous_45)
FNDA:0,getUserActionByActionId
FNDA:0,(anonymous_47)
FNDA:0,getDigests
FNDA:0,(anonymous_49)
FNDA:0,(anonymous_50)
FNDA:0,addDigest
FNDA:0,getLatestDigest
FNDA:0,getAchievements
FNDA:0,(anonymous_54)
FNDA:0,addAchievement
FNDA:0,(anonymous_56)
FNDA:0,(anonymous_57)
FNDA:0,hasAchievement
FNDA:0,(anonymous_59)
FNDA:1,getStreakCount
FNDA:4,toDateStr
FNDA:0,clearAllData
FNDA:0,(anonymous_63)
FNDA:0,isSeedInitialized
FNDA:0,initializeSeedData
FNDA:0,(anonymous_66)
FNDA:0,daysAgo
FNDA:0,daysFromNow
DA:1,1
DA:25,1
DA:26,1
DA:43,33
DA:47,19
DA:48,19
DA:49,19
DA:50,19
DA:52,0
DA:57,13
DA:58,13
DA:59,13
DA:61,0
DA:70,12
DA:74,18
DA:82,1
DA:83,1
DA:84,1
DA:85,1
DA:86,1
DA:90,0
DA:91,0
DA:92,0
DA:93,0
DA:94,0
DA:96,0
DA:98,0
DA:99,0
DA:103,0
DA:104,0
DA:108,5
DA:116,5
DA:117,5
DA:118,5
DA:119,5
DA:120,5
DA:124,0
DA:125,0
DA:126,0
DA:127,0
DA:128,0
DA:129,0
DA:133,0
DA:134,0
DA:142,1
DA:143,1
DA:144,1
DA:145,1
DA:149,1
DA:150,1
DA:151,1
DA:152,1
DA:153,0
DA:155,1
DA:157,1
DA:158,1
DA:168,7
DA:173,7
DA:174,7
DA:175,7
DA:176,7
DA:189,4
DA:191,4
DA:192,4
DA:193,9
DA:196,4
DA:197,2
DA:200,4
DA:201,0
DA:204,4
DA:205,1
DA:206,2
DA:209,4
DA:210,1
DA:211,2
DA:215,4
DA:217,4
DA:218,0
DA:221,4
DA:225,0
DA:226,0
DA:230,0
DA:231,0
DA:232,0
DA:233,0
DA:234,0
DA:235,0
DA:242,0
DA:243,0
DA:244,0
DA:245,0
DA:246,0
DA:247,0
DA:259,1
DA:261,1
DA:268,1
DA:269,2
DA:273,1
DA:274,1
DA:275,1
DA:276,1
DA:279,1
DA:283,1
DA:284,1
DA:285,1
DA:286,1
DA:288,1
DA:302,0
DA:303,0
DA:304,0
DA:308,0
DA:314,0
DA:315,0
DA:316,0
DA:317,0
DA:321,0
DA:322,0
DA:323,0
DA:324,0
DA:325,0
DA:326,0
DA:330,0
DA:331,0
DA:332,0
DA:333,0
DA:334,0
DA:335,0
DA:343,0
DA:344,0
DA:345,0
DA:351,0
DA:357,0
DA:358,0
DA:359,0
DA:360,0
DA:367,0
DA:368,0
DA:369,0
DA:370,0
DA:371,0
DA:372,0
DA:376,0
DA:377,0
DA:378,0
DA:386,0
DA:387,0
DA:388,0
DA:389,0
DA:390,0
DA:395,0
DA:399,0
DA:400,0
DA:401,0
DA:402,0
DA:406,0
DA:407,0
DA:415,0
DA:416,0
DA:417,0
DA:423,0
DA:427,0
DA:430,0
DA:431,0
DA:433,0
DA:434,0
DA:435,0
DA:439,0
DA:440,0
DA:441,0
DA:445,0
DA:446,0
DA:447,0
DA:455,1
DA:456,1
DA:459,1
DA:460,1
DA:461,3
DA:464,1
DA:465,1
DA:468,1
DA:469,1
DA:470,1
DA:471,1
DA:472,1
DA:475,1
DA:476,0
DA:479,1
DA:480,1
DA:482,1
DA:483,2
DA:484,2
DA:485,2
DA:487,2
DA:488,2
DA:489,2
DA:491,0
DA:495,1
DA:499,4
DA:507,0
DA:508,0
DA:509,0
DA:518,0
DA:519,0
DA:523,0
DA:524,0
DA:527,0
DA:528,0
DA:530,0
DA:539,0
DA:540,0
DA:541,0
DA:544,0
DA:562,0
DA:565,0
DA:566,0
DA:568,0
DA:580,0
DA:581,0
DA:583,0
DA:584,0
DA:602,0
DA:603,0
DA:604,0
DA:605,0
DA:606,0
DA:607,0
DA:608,0
DA:609,0
DA:610,0
DA:611,0
DA:612,0
DA:613,0
DA:614,0
DA:615,0
DA:616,0
DA:617,0
DA:620,0
DA:621,0
DA:622,0
DA:623,0
DA:624,0
DA:625,0
DA:626,0
DA:627,0
DA:628,0
DA:629,0
DA:630,0
DA:631,0
DA:632,0
DA:633,0
DA:634,0
DA:635,0
DA:636,0
DA:639,0
DA:640,0
DA:641,0
DA:642,0
DA:643,0
DA:644,0
DA:645,0
DA:646,0
DA:647,0
DA:648,0
DA:649,0
DA:650,0
DA:651,0
DA:652,0
DA:653,0
DA:654,0
DA:655,0
DA:656,0
DA:658,0
DA:661,0
DA:693,0
DA:696,0
DA:735,0
DA:738,0
DA:780,0
DA:783,0
DA:796,0
DA:799,0
DA:807,0
DA:808,0
DA:809,0
DA:813,0
DA:814,0
DA:815,0
LF:287
LH:94
BRDA:43,0,0,33
BRDA:43,0,1,33
BRDA:47,1,0,0
BRDA:47,1,1,19
BRDA:50,2,0,10
BRDA:50,2,1,9
BRDA:57,3,0,0
BRDA:57,3,1,13
BRDA:82,4,0,0
BRDA:82,4,1,1
BRDA:84,5,0,0
BRDA:84,5,1,1
BRDA:85,6,0,1
BRDA:85,6,1,0
BRDA:86,7,0,1
BRDA:86,7,1,0
BRDA:90,8,0,0
BRDA:90,8,1,0
BRDA:91,9,0,0
BRDA:91,9,1,0
BRDA:93,10,0,0
BRDA:93,10,1,0
BRDA:103,11,0,0
BRDA:103,11,1,0
BRDA:104,12,0,0
BRDA:104,12,1,0
BRDA:116,13,0,5
BRDA:116,13,1,5
BRDA:124,14,0,0
BRDA:124,14,1,0
BRDA:126,15,0,0
BRDA:126,15,1,0
BRDA:133,16,0,0
BRDA:133,16,1,0
BRDA:142,17,0,1
BRDA:142,17,1,0
BRDA:143,18,0,0
BRDA:143,18,1,1
BRDA:144,19,0,1
BRDA:144,19,1,0
BRDA:145,20,0,1
BRDA:145,20,1,0
BRDA:149,21,0,1
BRDA:149,21,1,1
BRDA:152,22,0,0
BRDA:152,22,1,1
BRDA:173,23,0,7
BRDA:173,23,1,3
BRDA:188,24,0,4
BRDA:189,25,0,4
BRDA:189,25,1,0
BRDA:191,26,0,4
BRDA:191,26,1,0
BRDA:191,27,0,0
BRDA:191,27,1,0
BRDA:192,28,0,4
BRDA:192,28,1,0
BRDA:196,29,0,1
BRDA:196,29,1,3
BRDA:200,30,0,0
BRDA:200,30,1,4
BRDA:204,31,0,1
BRDA:204,31,1,3
BRDA:209,32,0,1
BRDA:209,32,1,3
BRDA:217,33,0,0
BRDA:217,33,1,4
BRDA:217,34,0,4
BRDA:217,34,1,0
BRDA:225,35,0,0
BRDA:225,35,1,0
BRDA:226,36,0,0
BRDA:226,36,1,0
BRDA:230,37,0,0
BRDA:230,37,1,0
BRDA:232,38,0,0
BRDA:232,38,1,0
BRDA:242,39,0,0
BRDA:242,39,1,0
BRDA:244,40,0,0
BRDA:244,40,1,0
BRDA:302,41,0,0
BRDA:302,41,1,0
BRDA:302,42,0,0
BRDA:302,42,1,0
BRDA:303,43,0,0
BRDA:303,43,1,0
BRDA:304,44,0,0
BRDA:304,44,1,0
BRDA:314,45,0,0
BRDA:314,45,1,0
BRDA:321,46,0,0
BRDA:321,46,1,0
BRDA:323,47,0,0
BRDA:323,47,1,0
BRDA:330,48,0,0
BRDA:330,48,1,0
BRDA:332,49,0,0
BRDA:332,49,1,0
BRDA:343,50,0,0
BRDA:343,50,1,0
BRDA:343,51,0,0
BRDA:343,51,1,0
BRDA:344,52,0,0
BRDA:344,52,1,0
BRDA:345,53,0,0
BRDA:345,53,1,0
BRDA:357,54,0,0
BRDA:357,54,1,0
BRDA:367,55,0,0
BRDA:367,55,1,0
BRDA:369,56,0,0
BRDA:369,56,1,0
BRDA:376,57,0,0
BRDA:376,57,1,0
BRDA:376,58,0,0
BRDA:376,58,1,0
BRDA:377,59,0,0
BRDA:377,59,1,0
BRDA:378,60,0,0
BRDA:378,60,1,0
BRDA:378,61,0,0
BRDA:378,61,1,0
BRDA:386,62,0,0
BRDA:386,62,1,0
BRDA:386,63,0,0
BRDA:386,63,1,0
BRDA:387,64,0,0
BRDA:387,64,1,0
BRDA:388,65,0,0
BRDA:388,65,1,0
BRDA:399,66,0,0
BRDA:399,66,1,0
BRDA:407,67,0,0
BRDA:407,67,1,0
BRDA:415,68,0,0
BRDA:415,68,1,0
BRDA:415,69,0,0
BRDA:415,69,1,0
BRDA:416,70,0,0
BRDA:416,70,1,0
BRDA:417,71,0,0
BRDA:417,71,1,0
BRDA:427,72,0,0
BRDA:427,72,1,0
BRDA:431,73,0,0
BRDA:431,73,1,0
BRDA:433,74,0,0
BRDA:433,74,1,0
BRDA:435,75,0,0
BRDA:435,75,1,0
BRDA:445,76,0,0
BRDA:445,76,1,0
BRDA:445,77,0,0
BRDA:445,77,1,0
BRDA:446,78,0,0
BRDA:446,78,1,0
BRDA:447,79,0,0
BRDA:447,79,1,0
BRDA:456,80,0,0
BRDA:456,80,1,1
BRDA:465,81,0,0
BRDA:465,81,1,1
BRDA:475,82,0,0
BRDA:475,82,1,1
BRDA:475,83,0,1
BRDA:475,83,1,0
BRDA:487,84,0,2
BRDA:487,84,1,0
BRDA:507,85,0,0
BRDA:507,85,1,0
BRDA:518,86,0,0
BRDA:518,86,1,0
BRDA:523,87,0,0
BRDA:523,87,1,0
BRDA:524,88,0,0
BRDA:524,88,1,0
BRDA:578,89,0,0
BRF:178
BRH:39
end_of_record
TN:
SF:src\lib\actions-engine\ranker.ts
FN:488,rankActions
FN:495,(anonymous_1)
FN:496,(anonymous_2)
FN:525,(anonymous_3)
FN:536,(anonymous_4)
FN:549,getTopActions
FN:557,(anonymous_6)
FN:558,(anonymous_7)
FN:572,getActionById
FN:573,(anonymous_9)
FN:579,getActionsByCategory
FN:580,(anonymous_11)
FN:587,meetsConditions
FN:637,getTopEmissionCategory
FNF:14
FNH:9
FNDA:7,rankActions
FNDA:3,(anonymous_1)
FNDA:2,(anonymous_2)
FNDA:68,(anonymous_3)
FNDA:530,(anonymous_4)
FNDA:2,getTopActions
FNDA:48,(anonymous_6)
FNDA:0,(anonymous_7)
FNDA:0,getActionById
FNDA:0,(anonymous_9)
FNDA:0,getActionsByCategory
FNDA:0,(anonymous_11)
FNDA:173,meetsConditions
FNDA:7,getTopEmissionCategory
DA:18,1
DA:492,7
DA:493,7
DA:495,3
DA:496,2
DA:499,7
DA:501,7
DA:503,175
DA:506,173
DA:509,164
DA:510,164
DA:511,175
DA:513,175
DA:514,175
DA:515,33
DA:517,164
DA:518,124
DA:520,164
DA:521,52
DA:525,164
DA:526,68
DA:528,164
DA:529,1
DA:532,164
DA:536,7
DA:537,530
DA:538,56
DA:540,474
DA:543,7
DA:554,2
DA:557,2
DA:558,48
DA:562,2
DA:563,2
DA:566,0
DA:573,0
DA:580,0
DA:592,173
DA:594,110
DA:595,28
DA:598,110
DA:599,26
DA:602,110
DA:603,7
DA:606,110
DA:607,14
DA:610,108
DA:611,33
DA:614,108
DA:615,7
DA:618,101
DA:619,7
DA:622,101
DA:623,13
DA:626,101
DA:627,14
DA:630,101
DA:639,7
DA:647,7
DA:648,7
DA:649,7
DA:652,7
DA:658,7
DA:661,7
DA:662,7
DA:665,7
DA:670,7
DA:673,7
DA:674,7
DA:675,7
DA:676,28
DA:677,7
DA:678,7
DA:682,7
LF:74
LH:71
BRDA:495,0,0,3
BRDA:495,0,1,2
BRDA:503,1,0,2
BRDA:503,1,1,173
BRDA:506,2,0,9
BRDA:506,2,1,164
BRDA:510,3,0,33
BRDA:510,3,1,131
BRDA:514,4,0,33
BRDA:514,4,1,142
BRDA:517,5,0,124
BRDA:517,5,1,40
BRDA:520,6,0,52
BRDA:520,6,1,112
BRDA:526,7,0,68
BRDA:526,7,1,1
BRDA:528,8,0,1
BRDA:528,8,1,163
BRDA:537,9,0,56
BRDA:537,9,1,474
BRDA:552,10,0,2
BRDA:558,11,0,0
BRDA:558,11,1,0
BRDA:562,12,0,2
BRDA:562,12,1,0
BRDA:592,13,0,63
BRDA:592,13,1,110
BRDA:592,14,0,173
BRDA:592,14,1,173
BRDA:594,15,0,28
BRDA:594,15,1,82
BRDA:594,16,0,110
BRDA:594,16,1,28
BRDA:595,17,0,0
BRDA:595,17,1,28
BRDA:598,18,0,26
BRDA:598,18,1,84
BRDA:598,19,0,110
BRDA:598,19,1,26
BRDA:599,20,0,0
BRDA:599,20,1,26
BRDA:602,21,0,7
BRDA:602,21,1,103
BRDA:602,22,0,110
BRDA:602,22,1,7
BRDA:603,23,0,0
BRDA:603,23,1,7
BRDA:606,24,0,14
BRDA:606,24,1,96
BRDA:606,25,0,110
BRDA:606,25,1,14
BRDA:607,26,0,2
BRDA:607,26,1,12
BRDA:610,27,0,33
BRDA:610,27,1,75
BRDA:611,28,0,0
BRDA:611,28,1,33
BRDA:614,29,0,7
BRDA:614,29,1,101
BRDA:615,30,0,7
BRDA:615,30,1,0
BRDA:618,31,0,7
BRDA:618,31,1,94
BRDA:619,32,0,0
BRDA:619,32,1,7
BRDA:622,33,0,13
BRDA:622,33,1,88
BRDA:623,34,0,0
BRDA:623,34,1,13
BRDA:626,35,0,14
BRDA:626,35,1,87
BRDA:626,36,0,101
BRDA:626,36,1,14
BRDA:627,37,0,0
BRDA:627,37,1,14
BRDA:658,38,0,7
BRDA:658,38,1,0
BRDA:662,39,0,7
BRDA:662,39,1,0
BRDA:670,40,0,7
BRDA:670,40,1,0
BRDA:676,41,0,7
BRDA:676,41,1,21
BRF:83
BRH:69
end_of_record
TN:
SF:src\lib\emissions\calculator.ts
FN:42,isTransport
FN:46,isFood
FN:50,isHome
FN:54,isConsumption
FN:73,getGridFactor
FN:120,calculateEmission
FN:158,calculateTransport
FN:186,calculateFood
FN:200,calculateHome
FN:238,calculateConsumption
FN:260,calculateBaseline
FN:395,mapCarFuelToSubcategory
FN:408,round
FNF:13
FNH:13
FNDA:28,isTransport
FNDA:16,isFood
FNDA:13,isHome
FNDA:4,isConsumption
FNDA:7,getGridFactor
FNDA:29,calculateEmission
FNDA:12,calculateTransport
FNDA:3,calculateFood
FNDA:9,calculateHome
FNDA:4,calculateConsumption
FNDA:3,calculateBaseline
FNDA:1,mapCarFuelToSubcategory
FNDA:43,round
DA:24,1
DA:29,1
DA:34,1
DA:38,1
DA:43,28
DA:47,16
DA:51,13
DA:55,4
DA:71,1
DA:75,7
DA:76,7
DA:83,0
DA:84,0
DA:85,0
DA:92,0
DA:93,0
DA:127,29
DA:128,1
DA:132,28
DA:133,12
DA:137,16
DA:138,3
DA:142,13
DA:143,9
DA:147,4
DA:148,4
DA:151,0
DA:163,12
DA:164,12
DA:167,12
DA:168,1
DA:171,12
DA:174,12
DA:175,12
DA:176,1
DA:179,12
DA:190,3
DA:191,3
DA:193,3
DA:205,9
DA:206,7
DA:207,7
DA:208,7
DA:215,2
DA:216,2
DA:217,2
DA:218,2
DA:225,0
DA:226,0
DA:227,0
DA:228,0
DA:235,0
DA:242,4
DA:243,4
DA:245,4
DA:261,3
DA:269,3
DA:270,3
DA:273,3
DA:274,1
DA:275,1
DA:276,1
DA:277,1
DA:282,3
DA:284,1
DA:285,1
DA:286,1
DA:287,1
DA:291,3
DA:293,1
DA:294,1
DA:295,1
DA:296,1
DA:297,1
DA:298,1
DA:303,3
DA:304,3
DA:306,2
DA:307,2
DA:309,0
DA:310,0
DA:313,0
DA:314,0
DA:315,0
DA:316,0
DA:321,1
DA:322,1
DA:323,1
DA:324,1
DA:325,1
DA:326,1
DA:327,1
DA:328,1
DA:329,1
DA:334,3
DA:336,3
DA:337,2
DA:340,3
DA:341,3
DA:348,3
DA:351,3
DA:353,1
DA:354,1
DA:355,1
DA:360,3
DA:361,3
DA:362,3
DA:365,3
DA:370,3
DA:372,3
DA:373,3
DA:374,3
DA:375,3
DA:376,3
DA:379,3
DA:380,3
DA:381,3
DA:382,3
DA:384,3
DA:388,3
DA:398,1
DA:399,1
DA:400,0
DA:401,0
DA:402,0
DA:403,0
DA:404,0
DA:409,43
DA:410,43
LF:129
LH:107
BRDA:75,0,0,7
BRDA:75,0,1,0
BRDA:84,1,0,0
BRDA:84,1,1,0
BRDA:124,2,0,29
BRDA:125,3,0,29
BRDA:127,4,0,1
BRDA:127,4,1,28
BRDA:132,5,0,12
BRDA:132,5,1,16
BRDA:137,6,0,3
BRDA:137,6,1,13
BRDA:142,7,0,9
BRDA:142,7,1,4
BRDA:147,8,0,4
BRDA:147,8,1,0
BRDA:167,9,0,1
BRDA:167,9,1,11
BRDA:174,10,0,12
BRDA:174,10,1,11
BRDA:175,11,0,1
BRDA:175,11,1,11
BRDA:205,12,0,7
BRDA:205,12,1,2
BRDA:215,13,0,2
BRDA:215,13,1,0
BRDA:225,14,0,0
BRDA:225,14,1,0
BRDA:273,15,0,1
BRDA:273,15,1,2
BRDA:275,16,0,1
BRDA:275,16,1,0
BRDA:282,17,0,1
BRDA:282,17,1,2
BRDA:291,18,0,1
BRDA:291,18,1,2
BRDA:304,19,0,2
BRDA:304,19,1,0
BRDA:304,19,2,0
BRDA:304,19,3,1
BRDA:304,19,4,1
BRDA:336,20,0,2
BRDA:336,20,1,1
BRDA:340,21,0,1
BRDA:340,21,1,2
BRDA:351,22,0,1
BRDA:351,22,1,2
BRDA:353,23,0,1
BRDA:353,23,1,0
BRDA:370,24,0,3
BRDA:370,24,1,0
BRDA:372,25,0,2
BRDA:372,25,1,1
BRDA:398,26,0,1
BRDA:398,26,1,0
BRDA:398,26,2,0
BRDA:398,26,3,0
BRDA:398,26,4,0
BRDA:398,26,5,0
BRDA:408,27,0,43
BRF:60
BRH:43
end_of_record
TN:
SF:src\lib\emissions\factors.json
FNF:0
FNH:0
DA:1,1
DA:2,1
DA:3,1
DA:4,1
DA:5,1
LF:5
LH:5
BRF:0
BRH:0
end_of_record
